c:\users\peter.desktop-v6t2tct\source\repos\swagsword\swagsword\x64\debug\swagsword.pch
c:\users\peter.desktop-v6t2tct\source\repos\swagsword\swagsword\x64\debug\vc142.pdb
c:\users\peter.desktop-v6t2tct\source\repos\swagsword\swagsword\x64\debug\vc142.idb
c:\users\peter.desktop-v6t2tct\source\repos\swagsword\swagsword\x64\debug\precom.obj
c:\users\peter.desktop-v6t2tct\source\repos\swagsword\swagsword\x64\debug\tilemap.obj
c:\users\peter.desktop-v6t2tct\source\repos\swagsword\swagsword\x64\debug\tile.obj
c:\users\peter.desktop-v6t2tct\source\repos\swagsword\swagsword\x64\debug\state.obj
c:\users\peter.desktop-v6t2tct\source\repos\swagsword\swagsword\x64\debug\settingsstate.obj
c:\users\peter.desktop-v6t2tct\source\repos\swagsword\swagsword\x64\debug\player.obj
c:\users\peter.desktop-v6t2tct\source\repos\swagsword\swagsword\x64\debug\pausemenu.obj
c:\users\peter.desktop-v6t2tct\source\repos\swagsword\swagsword\x64\debug\movementcomponent.obj
c:\users\peter.desktop-v6t2tct\source\repos\swagsword\swagsword\x64\debug\mainmenustate.obj
c:\users\peter.desktop-v6t2tct\source\repos\swagsword\swagsword\x64\debug\main.obj
c:\users\peter.desktop-v6t2tct\source\repos\swagsword\swagsword\x64\debug\hitboxcomponent.obj
c:\users\peter.desktop-v6t2tct\source\repos\swagsword\swagsword\x64\debug\gamestate.obj
c:\users\peter.desktop-v6t2tct\source\repos\swagsword\swagsword\x64\debug\game.obj
c:\users\peter.desktop-v6t2tct\source\repos\swagsword\swagsword\x64\debug\entity.obj
c:\users\peter.desktop-v6t2tct\source\repos\swagsword\swagsword\x64\debug\editorstate.obj
c:\users\peter.desktop-v6t2tct\source\repos\swagsword\swagsword\x64\debug\gui.obj
c:\users\peter.desktop-v6t2tct\source\repos\swagsword\swagsword\x64\debug\animationcomponent.obj
c:\users\peter.desktop-v6t2tct\source\repos\swagsword\swagsword\x64\debug\graphicssettings.obj
c:\users\peter.desktop-v6t2tct\source\repos\swagsword\swagsword\x64\debug\test.obj
c:\users\peter.desktop-v6t2tct\source\repos\swagsword\x64\debug\swagsword.exe
c:\users\peter.desktop-v6t2tct\source\repos\swagsword\x64\debug\swagsword.ilk
c:\users\peter.desktop-v6t2tct\source\repos\swagsword\x64\debug\swagsword.pdb
c:\users\peter.desktop-v6t2tct\source\repos\swagsword\swagsword\x64\debug\swagsword.tlog\cl.command.1.tlog
c:\users\peter.desktop-v6t2tct\source\repos\swagsword\swagsword\x64\debug\swagsword.tlog\cl.read.1.tlog
c:\users\peter.desktop-v6t2tct\source\repos\swagsword\swagsword\x64\debug\swagsword.tlog\cl.write.1.tlog
c:\users\peter.desktop-v6t2tct\source\repos\swagsword\swagsword\x64\debug\swagsword.tlog\link.command.1.tlog
c:\users\peter.desktop-v6t2tct\source\repos\swagsword\swagsword\x64\debug\swagsword.tlog\link.read.1.tlog
c:\users\peter.desktop-v6t2tct\source\repos\swagsword\swagsword\x64\debug\swagsword.tlog\link.write.1.tlog
