  EditorState.cpp
C:\Users\Peter.DESKTOP-V6T2TCT\source\repos\SwagSword\SwagSword\EditorState.cpp(94,63): warning C4244:  '=': conversion from 'T' to 'float', possible loss of data
C:\Users\Peter.DESKTOP-V6T2TCT\source\repos\SwagSword\SwagSword\EditorState.cpp(94,63): warning C4244:         with
C:\Users\Peter.DESKTOP-V6T2TCT\source\repos\SwagSword\SwagSword\EditorState.cpp(94,63): warning C4244:         [
C:\Users\Peter.DESKTOP-V6T2TCT\source\repos\SwagSword\SwagSword\EditorState.cpp(94,63): warning C4244:             T=unsigned int
C:\Users\Peter.DESKTOP-V6T2TCT\source\repos\SwagSword\SwagSword\EditorState.cpp(94,63): warning C4244:         ]
C:\Users\Peter.DESKTOP-V6T2TCT\source\repos\SwagSword\SwagSword\EditorState.cpp(95,64): warning C4244:  '=': conversion from 'T' to 'float', possible loss of data
C:\Users\Peter.DESKTOP-V6T2TCT\source\repos\SwagSword\SwagSword\EditorState.cpp(95,64): warning C4244:         with
C:\Users\Peter.DESKTOP-V6T2TCT\source\repos\SwagSword\SwagSword\EditorState.cpp(95,64): warning C4244:         [
C:\Users\Peter.DESKTOP-V6T2TCT\source\repos\SwagSword\SwagSword\EditorState.cpp(95,64): warning C4244:             T=unsigned int
C:\Users\Peter.DESKTOP-V6T2TCT\source\repos\SwagSword\SwagSword\EditorState.cpp(95,64): warning C4244:         ]
C:\Users\Peter.DESKTOP-V6T2TCT\source\repos\SwagSword\SwagSword\EditorState.cpp(180,68): warning C4244:  'argument': conversion from 'T' to 'const uint32_t', possible loss of data
C:\Users\Peter.DESKTOP-V6T2TCT\source\repos\SwagSword\SwagSword\EditorState.cpp(180,68): warning C4244:         with
C:\Users\Peter.DESKTOP-V6T2TCT\source\repos\SwagSword\SwagSword\EditorState.cpp(180,68): warning C4244:         [
C:\Users\Peter.DESKTOP-V6T2TCT\source\repos\SwagSword\SwagSword\EditorState.cpp(180,68): warning C4244:             T=float
C:\Users\Peter.DESKTOP-V6T2TCT\source\repos\SwagSword\SwagSword\EditorState.cpp(180,68): warning C4244:         ]
C:\Users\Peter.DESKTOP-V6T2TCT\source\repos\SwagSword\SwagSword\EditorState.cpp(180,46): warning C4244:  'argument': conversion from 'T' to 'const uint32_t', possible loss of data
C:\Users\Peter.DESKTOP-V6T2TCT\source\repos\SwagSword\SwagSword\EditorState.cpp(180,46): warning C4244:         with
C:\Users\Peter.DESKTOP-V6T2TCT\source\repos\SwagSword\SwagSword\EditorState.cpp(180,46): warning C4244:         [
C:\Users\Peter.DESKTOP-V6T2TCT\source\repos\SwagSword\SwagSword\EditorState.cpp(180,46): warning C4244:             T=float
C:\Users\Peter.DESKTOP-V6T2TCT\source\repos\SwagSword\SwagSword\EditorState.cpp(180,46): warning C4244:         ]
C:\Users\Peter.DESKTOP-V6T2TCT\source\repos\SwagSword\SwagSword\EditorState.cpp(197,71): warning C4244:  'argument': conversion from 'T' to 'const uint32_t', possible loss of data
C:\Users\Peter.DESKTOP-V6T2TCT\source\repos\SwagSword\SwagSword\EditorState.cpp(197,71): warning C4244:         with
C:\Users\Peter.DESKTOP-V6T2TCT\source\repos\SwagSword\SwagSword\EditorState.cpp(197,71): warning C4244:         [
C:\Users\Peter.DESKTOP-V6T2TCT\source\repos\SwagSword\SwagSword\EditorState.cpp(197,71): warning C4244:             T=float
C:\Users\Peter.DESKTOP-V6T2TCT\source\repos\SwagSword\SwagSword\EditorState.cpp(197,71): warning C4244:         ]
  Game.cpp
  GameState.cpp
C:\Users\Peter.DESKTOP-V6T2TCT\source\repos\SwagSword\SwagSword\EditorState.cpp(197,49): warning C4244:  'argument': conversion from 'T' to 'const uint32_t', possible loss of data
C:\Users\Peter.DESKTOP-V6T2TCT\source\repos\SwagSword\SwagSword\EditorState.cpp(197,49): warning C4244:         with
C:\Users\Peter.DESKTOP-V6T2TCT\source\repos\SwagSword\SwagSword\EditorState.cpp(197,49): warning C4244:         [
C:\Users\Peter.DESKTOP-V6T2TCT\source\repos\SwagSword\SwagSword\EditorState.cpp(197,49): warning C4244:             T=float
C:\Users\Peter.DESKTOP-V6T2TCT\source\repos\SwagSword\SwagSword\EditorState.cpp(197,49): warning C4244:         ]
C:\Users\Peter.DESKTOP-V6T2TCT\source\repos\SwagSword\SwagSword\GameState.cpp(28,43): warning C4244:  'argument': conversion from 'unsigned int' to 'T', possible loss of data
C:\Users\Peter.DESKTOP-V6T2TCT\source\repos\SwagSword\SwagSword\GameState.cpp(28,43): warning C4244:         with
C:\Users\Peter.DESKTOP-V6T2TCT\source\repos\SwagSword\SwagSword\GameState.cpp(28,43): warning C4244:         [
C:\Users\Peter.DESKTOP-V6T2TCT\source\repos\SwagSword\SwagSword\GameState.cpp(28,43): warning C4244:             T=float
C:\Users\Peter.DESKTOP-V6T2TCT\source\repos\SwagSword\SwagSword\GameState.cpp(28,43): warning C4244:         ]
  MainMenuState.cpp
  TileMap.cpp
C:\Users\Peter.DESKTOP-V6T2TCT\source\repos\SwagSword\SwagSword\GameState.cpp(27,43): warning C4244:  'argument': conversion from 'unsigned int' to 'T', possible loss of data
C:\Users\Peter.DESKTOP-V6T2TCT\source\repos\SwagSword\SwagSword\GameState.cpp(27,43): warning C4244:         with
C:\Users\Peter.DESKTOP-V6T2TCT\source\repos\SwagSword\SwagSword\GameState.cpp(27,43): warning C4244:         [
C:\Users\Peter.DESKTOP-V6T2TCT\source\repos\SwagSword\SwagSword\GameState.cpp(27,43): warning C4244:             T=float
C:\Users\Peter.DESKTOP-V6T2TCT\source\repos\SwagSword\SwagSword\GameState.cpp(27,43): warning C4244:         ]
  main.cpp
  Generating Code...
C:\Users\Peter.DESKTOP-V6T2TCT\source\repos\SwagSword\SwagSword\TileMap.cpp(188,23): warning C4244:  '=': conversion from 'float' to 'int', possible loss of data
  SwagSword.vcxproj -> C:\Users\Peter.DESKTOP-V6T2TCT\source\repos\SwagSword\x64\Debug\SwagSword.exe

Project Performance Summary:
     3250 ms  C:\Users\Peter.DESKTOP-V6T2TCT\source\repos\SwagSword\SwagSword\SwagSword.vcxproj   1 calls
               3250 ms  Build                                      1 calls

Target Performance Summary:
        0 ms  _CheckForInvalidConfigurationAndPlatform   1 calls
        0 ms  ComputeLinkSwitches                        1 calls
        0 ms  PreLinkEvent                               1 calls
        0 ms  DoLinkOutputFilesMatch                     1 calls
        0 ms  PrepareResourceNames                       1 calls
        0 ms  CreateCustomManifestResourceNames          1 calls
        0 ms  SplitResourcesByCulture                    1 calls
        0 ms  AssignTargetPaths                          1 calls
        0 ms  ComputeManifestInputsTargets               1 calls
        0 ms  ComputeLinkInputsFromProject               1 calls
        0 ms  ComputeCLGeneratedLinkInputs               1 calls
        0 ms  ComputeLinkImportLibraryOutputsForClean    1 calls
        0 ms  ComputeCLOutputs                           1 calls
        0 ms  ComputeRCGeneratedLinkInputs               1 calls
        0 ms  ComputeRCOutputs                           1 calls
        0 ms  BeforeLink                                 1 calls
        0 ms  ComputeLegacyManifestEmbedding             1 calls
        0 ms  BuildLinkTraverse                          1 calls
        0 ms  BuildCompile                               1 calls
        0 ms  _BuildCompileAction                        1 calls
        0 ms  AfterBuildCompileEvent                     1 calls
        0 ms  _ResourceCompile                           1 calls
        0 ms  AfterResourceCompile                       1 calls
        0 ms  ComputeManifestGeneratedLinkerInputs       1 calls
        0 ms  FinalizeBuildStatus                        1 calls
        0 ms  AfterLink                                  1 calls
        0 ms  _ALink                                     1 calls
        0 ms  AfterBuild                                 1 calls
        0 ms  BuildLink                                  1 calls
        0 ms  _BuildLinkAction                           1 calls
        0 ms  PostBuildEvent                             1 calls
        0 ms  PrepareForRun                              1 calls
        0 ms  CopyFilesToOutputDirectory                 1 calls
        0 ms  _CheckForCompileOutputs                    1 calls
        0 ms  _CopySourceItemsToOutputDirectory          1 calls
        0 ms  GetCopyToOutputDirectoryXamlAppDefs        1 calls
        0 ms  _Deploy                                    1 calls
        0 ms  _Link                                      1 calls
        0 ms  _Appverifier                               1 calls
        0 ms  _GenerateSatelliteAssemblyInputs           1 calls
        0 ms  _BscMake                                   1 calls
        0 ms  MakeDirsForBscMake                         1 calls
        0 ms  ComputeCLCompileGeneratedSbrFiles          1 calls
        0 ms  _XdcMake                                   1 calls
        0 ms  MakeDirsForXdcMake                         1 calls
        0 ms  ComputeCLCompileGeneratedXDCFiles          1 calls
        0 ms  ResolvedXDCMake                            1 calls
        0 ms  RegisterOutput                             1 calls
        0 ms  _Manifest                                  1 calls
        0 ms  CreateSatelliteAssemblies                  1 calls
        0 ms  BeforeResourceCompile                      1 calls
        0 ms  MakeDirsForResourceCompile                 1 calls
        0 ms  AfterClCompile                             1 calls
        0 ms  _ClCompile                                 1 calls
        0 ms  BuildGenerateSourcesTraverse               1 calls
        0 ms  ResolveReferences                          1 calls
        0 ms  AfterResolveReferences                     1 calls
        0 ms  ResolveAssemblyReferences                  1 calls
        0 ms  ExpandSDKReferences                        1 calls
        0 ms  ResolveSDKReferences                       1 calls
        0 ms  PrepareForBuild                            1 calls
        0 ms  SetCABuildNativeEnvironmentVariables       1 calls
        0 ms  _CheckWindowsSDKInstalled                  1 calls
        0 ms  GetResolvedWinMD                           1 calls
        0 ms  GetReferenceAssemblyPaths                  1 calls
        0 ms  GetFrameworkPaths                          1 calls
        0 ms  ResolveProjectReferences                   1 calls
        0 ms  PrepareProjectReferences                   1 calls
        0 ms  _GetProjectReferenceTargetFrameworkProperties   1 calls
        0 ms  _SplitProjectReferencesByFileExistence     1 calls
        0 ms  AssignProjectConfiguration                 1 calls
        0 ms  BeforeResolveReferences                    1 calls
        0 ms  _PrepareForReferenceResolution             1 calls
        0 ms  _PrepareForBuild                           1 calls
        0 ms  PreBuildEvent                              1 calls
        0 ms  _SelectedFiles                             1 calls
        0 ms  BeforeBuildGenerateSources                 1 calls
        0 ms  _BuildGenerateSourcesAction                1 calls
        0 ms  BeforeClCompile                            1 calls
        0 ms  BuildCompileTraverse                       1 calls
        0 ms  BuildGenerateSources                       1 calls
        0 ms  SelectCustomBuild                          1 calls
        0 ms  AfterBuildGenerateSourcesEvent             1 calls
        0 ms  AfterBuildGenerateSources                  1 calls
        0 ms  _Midl                                      1 calls
        0 ms  ComputeCLInputPDBName                      1 calls
        0 ms  AfterMidl                                  1 calls
        0 ms  FixupCLCompileOptions                      1 calls
        0 ms  _Xsd                                       1 calls
        0 ms  CopyFileToFolders                          1 calls
        0 ms  MakeDirsForCl                              1 calls
        0 ms  CustomBuild                                1 calls
        0 ms  SelectClCompile                            1 calls
        0 ms  ComputeCustomBuildOutput                   1 calls
        0 ms  ComputeMIDLGeneratedCompileInputs          1 calls
        0 ms  ComputeReferenceCLInput                    1 calls
        5 ms  SetBuildDefaultEnvironmentVariables        1 calls
        5 ms  GetCopyToOutputDirectoryItems              1 calls
        5 ms  _HandlePackageFileConflicts                1 calls
        5 ms  Build                                      1 calls
        5 ms  InitializeBuildStatus                      1 calls
        5 ms  MakeDirsForMidl                            1 calls
       10 ms  MakeDirsForLink                            1 calls
       10 ms  WarnCompileDuplicatedFilename              1 calls
       10 ms  SetTelemetryEnvironmentVariables           1 calls
      620 ms  Link                                       1 calls
     2570 ms  ClCompile                                  1 calls

Task Performance Summary:
        0 ms  Message                                    3 calls
        0 ms  AssignProjectConfiguration                 1 calls
        0 ms  MSBuild                                    1 calls
        0 ms  CheckVCToolsetVersion                      1 calls
        0 ms  ReadLinesFromFile                          1 calls
        0 ms  WriteLinesToFile                           1 calls
        0 ms  GetOutOfDateItems                          3 calls
        0 ms  AssignTargetPath                           6 calls
        0 ms  AssignCulture                              1 calls
        0 ms  Delete                                     1 calls
        5 ms  ResolvePackageFileConflicts                1 calls
        5 ms  Touch                                      2 calls
        5 ms  MakeDir                                    9 calls
       15 ms  SetEnv                                     8 calls
      610 ms  Link                                       1 calls
     2565 ms  CL                                         2 calls
