  AnimationComponent.cpp
  GraphicsSettings.cpp
  Gui.cpp
C:\Users\Peter.DESKTOP-V6T2TCT\source\repos\SwagSword\SwagSword\Gui.cpp(200,3): warning C4267:  'argument': conversion from 'size_t' to 'unsigned short', possible loss of data
C:\Users\Peter.DESKTOP-V6T2TCT\source\repos\SwagSword\SwagSword\Gui.cpp(312,115): warning C4244:  'argument': conversion from 'T' to 'T', possible loss of data
C:\Users\Peter.DESKTOP-V6T2TCT\source\repos\SwagSword\SwagSword\Gui.cpp(312,115): warning C4244:         with
C:\Users\Peter.DESKTOP-V6T2TCT\source\repos\SwagSword\SwagSword\Gui.cpp(312,115): warning C4244:         [
C:\Users\Peter.DESKTOP-V6T2TCT\source\repos\SwagSword\SwagSword\Gui.cpp(312,115): warning C4244:             T=float
C:\Users\Peter.DESKTOP-V6T2TCT\source\repos\SwagSword\SwagSword\Gui.cpp(312,115): warning C4244:         ]
C:\Users\Peter.DESKTOP-V6T2TCT\source\repos\SwagSword\SwagSword\Gui.cpp(312,115): warning C4244:         and
C:\Users\Peter.DESKTOP-V6T2TCT\source\repos\SwagSword\SwagSword\Gui.cpp(312,115): warning C4244:         [
C:\Users\Peter.DESKTOP-V6T2TCT\source\repos\SwagSword\SwagSword\Gui.cpp(312,115): warning C4244:             T=int
C:\Users\Peter.DESKTOP-V6T2TCT\source\repos\SwagSword\SwagSword\Gui.cpp(312,115): warning C4244:         ]
C:\Users\Peter.DESKTOP-V6T2TCT\source\repos\SwagSword\SwagSword\Gui.cpp(312,78): warning C4244:  'argument': conversion from 'T' to 'T', possible loss of data
C:\Users\Peter.DESKTOP-V6T2TCT\source\repos\SwagSword\SwagSword\Gui.cpp(312,78): warning C4244:         with
C:\Users\Peter.DESKTOP-V6T2TCT\source\repos\SwagSword\SwagSword\Gui.cpp(312,78): warning C4244:         [
C:\Users\Peter.DESKTOP-V6T2TCT\source\repos\SwagSword\SwagSword\Gui.cpp(312,78): warning C4244:             T=float
C:\Users\Peter.DESKTOP-V6T2TCT\source\repos\SwagSword\SwagSword\Gui.cpp(312,78): warning C4244:         ]
C:\Users\Peter.DESKTOP-V6T2TCT\source\repos\SwagSword\SwagSword\Gui.cpp(312,78): warning C4244:         and
C:\Users\Peter.DESKTOP-V6T2TCT\source\repos\SwagSword\SwagSword\Gui.cpp(312,78): warning C4244:         [
C:\Users\Peter.DESKTOP-V6T2TCT\source\repos\SwagSword\SwagSword\Gui.cpp(312,78): warning C4244:             T=int
C:\Users\Peter.DESKTOP-V6T2TCT\source\repos\SwagSword\SwagSword\Gui.cpp(312,78): warning C4244:         ]
C:\Users\Peter.DESKTOP-V6T2TCT\source\repos\SwagSword\SwagSword\Gui.cpp(316,116): warning C4244:  'argument': conversion from 'T' to 'T', possible loss of data
C:\Users\Peter.DESKTOP-V6T2TCT\source\repos\SwagSword\SwagSword\Gui.cpp(316,116): warning C4244:         with
C:\Users\Peter.DESKTOP-V6T2TCT\source\repos\SwagSword\SwagSword\Gui.cpp(316,116): warning C4244:         [
C:\Users\Peter.DESKTOP-V6T2TCT\source\repos\SwagSword\SwagSword\Gui.cpp(316,116): warning C4244:             T=float
C:\Users\Peter.DESKTOP-V6T2TCT\source\repos\SwagSword\SwagSword\Gui.cpp(316,116): warning C4244:         ]
C:\Users\Peter.DESKTOP-V6T2TCT\source\repos\SwagSword\SwagSword\Gui.cpp(316,116): warning C4244:         and
C:\Users\Peter.DESKTOP-V6T2TCT\source\repos\SwagSword\SwagSword\Gui.cpp(316,116): warning C4244:         [
C:\Users\Peter.DESKTOP-V6T2TCT\source\repos\SwagSword\SwagSword\Gui.cpp(316,116): warning C4244:             T=int
C:\Users\Peter.DESKTOP-V6T2TCT\source\repos\SwagSword\SwagSword\Gui.cpp(316,116): warning C4244:         ]
  EditorState.cpp
C:\Users\Peter.DESKTOP-V6T2TCT\source\repos\SwagSword\SwagSword\Gui.cpp(316,78): warning C4244:  'argument': conversion from 'T' to 'T', possible loss of data
C:\Users\Peter.DESKTOP-V6T2TCT\source\repos\SwagSword\SwagSword\Gui.cpp(316,78): warning C4244:         with
C:\Users\Peter.DESKTOP-V6T2TCT\source\repos\SwagSword\SwagSword\Gui.cpp(316,78): warning C4244:         [
C:\Users\Peter.DESKTOP-V6T2TCT\source\repos\SwagSword\SwagSword\Gui.cpp(316,78): warning C4244:             T=float
C:\Users\Peter.DESKTOP-V6T2TCT\source\repos\SwagSword\SwagSword\Gui.cpp(316,78): warning C4244:         ]
C:\Users\Peter.DESKTOP-V6T2TCT\source\repos\SwagSword\SwagSword\Gui.cpp(316,78): warning C4244:         and
C:\Users\Peter.DESKTOP-V6T2TCT\source\repos\SwagSword\SwagSword\Gui.cpp(316,78): warning C4244:         [
C:\Users\Peter.DESKTOP-V6T2TCT\source\repos\SwagSword\SwagSword\Gui.cpp(316,78): warning C4244:             T=int
C:\Users\Peter.DESKTOP-V6T2TCT\source\repos\SwagSword\SwagSword\Gui.cpp(316,78): warning C4244:         ]
C:\Users\Peter.DESKTOP-V6T2TCT\source\repos\SwagSword\SwagSword\EditorState.cpp(94,63): warning C4244:  '=': conversion from 'T' to 'float', possible loss of data
C:\Users\Peter.DESKTOP-V6T2TCT\source\repos\SwagSword\SwagSword\EditorState.cpp(94,63): warning C4244:         with
C:\Users\Peter.DESKTOP-V6T2TCT\source\repos\SwagSword\SwagSword\EditorState.cpp(94,63): warning C4244:         [
C:\Users\Peter.DESKTOP-V6T2TCT\source\repos\SwagSword\SwagSword\EditorState.cpp(94,63): warning C4244:             T=unsigned int
C:\Users\Peter.DESKTOP-V6T2TCT\source\repos\SwagSword\SwagSword\EditorState.cpp(94,63): warning C4244:         ]
C:\Users\Peter.DESKTOP-V6T2TCT\source\repos\SwagSword\SwagSword\EditorState.cpp(95,64): warning C4244:  '=': conversion from 'T' to 'float', possible loss of data
C:\Users\Peter.DESKTOP-V6T2TCT\source\repos\SwagSword\SwagSword\EditorState.cpp(95,64): warning C4244:         with
C:\Users\Peter.DESKTOP-V6T2TCT\source\repos\SwagSword\SwagSword\EditorState.cpp(95,64): warning C4244:         [
C:\Users\Peter.DESKTOP-V6T2TCT\source\repos\SwagSword\SwagSword\EditorState.cpp(95,64): warning C4244:             T=unsigned int
C:\Users\Peter.DESKTOP-V6T2TCT\source\repos\SwagSword\SwagSword\EditorState.cpp(95,64): warning C4244:         ]
C:\Users\Peter.DESKTOP-V6T2TCT\source\repos\SwagSword\SwagSword\EditorState.cpp(181,68): warning C4244:  'argument': conversion from 'T' to 'const uint32_t', possible loss of data
C:\Users\Peter.DESKTOP-V6T2TCT\source\repos\SwagSword\SwagSword\EditorState.cpp(181,68): warning C4244:         with
C:\Users\Peter.DESKTOP-V6T2TCT\source\repos\SwagSword\SwagSword\EditorState.cpp(181,68): warning C4244:         [
C:\Users\Peter.DESKTOP-V6T2TCT\source\repos\SwagSword\SwagSword\EditorState.cpp(181,68): warning C4244:             T=float
C:\Users\Peter.DESKTOP-V6T2TCT\source\repos\SwagSword\SwagSword\EditorState.cpp(181,68): warning C4244:         ]
C:\Users\Peter.DESKTOP-V6T2TCT\source\repos\SwagSword\SwagSword\EditorState.cpp(181,46): warning C4244:  'argument': conversion from 'T' to 'const uint32_t', possible loss of data
C:\Users\Peter.DESKTOP-V6T2TCT\source\repos\SwagSword\SwagSword\EditorState.cpp(181,46): warning C4244:         with
C:\Users\Peter.DESKTOP-V6T2TCT\source\repos\SwagSword\SwagSword\EditorState.cpp(181,46): warning C4244:         [
C:\Users\Peter.DESKTOP-V6T2TCT\source\repos\SwagSword\SwagSword\EditorState.cpp(181,46): warning C4244:             T=float
C:\Users\Peter.DESKTOP-V6T2TCT\source\repos\SwagSword\SwagSword\EditorState.cpp(181,46): warning C4244:         ]
C:\Users\Peter.DESKTOP-V6T2TCT\source\repos\SwagSword\SwagSword\EditorState.cpp(198,71): warning C4244:  'argument': conversion from 'T' to 'const uint32_t', possible loss of data
C:\Users\Peter.DESKTOP-V6T2TCT\source\repos\SwagSword\SwagSword\EditorState.cpp(198,71): warning C4244:         with
C:\Users\Peter.DESKTOP-V6T2TCT\source\repos\SwagSword\SwagSword\EditorState.cpp(198,71): warning C4244:         [
C:\Users\Peter.DESKTOP-V6T2TCT\source\repos\SwagSword\SwagSword\EditorState.cpp(198,71): warning C4244:             T=float
C:\Users\Peter.DESKTOP-V6T2TCT\source\repos\SwagSword\SwagSword\EditorState.cpp(198,71): warning C4244:         ]
  Entity.cpp
  Game.cpp
  GameState.cpp
C:\Users\Peter.DESKTOP-V6T2TCT\source\repos\SwagSword\SwagSword\EditorState.cpp(198,49): warning C4244:  'argument': conversion from 'T' to 'const uint32_t', possible loss of data
C:\Users\Peter.DESKTOP-V6T2TCT\source\repos\SwagSword\SwagSword\EditorState.cpp(198,49): warning C4244:         with
C:\Users\Peter.DESKTOP-V6T2TCT\source\repos\SwagSword\SwagSword\EditorState.cpp(198,49): warning C4244:         [
C:\Users\Peter.DESKTOP-V6T2TCT\source\repos\SwagSword\SwagSword\EditorState.cpp(198,49): warning C4244:             T=float
C:\Users\Peter.DESKTOP-V6T2TCT\source\repos\SwagSword\SwagSword\EditorState.cpp(198,49): warning C4244:         ]
C:\Users\Peter.DESKTOP-V6T2TCT\source\repos\SwagSword\SwagSword\GameState.cpp(33,43): warning C4244:  'argument': conversion from 'unsigned int' to 'T', possible loss of data
C:\Users\Peter.DESKTOP-V6T2TCT\source\repos\SwagSword\SwagSword\GameState.cpp(33,43): warning C4244:         with
C:\Users\Peter.DESKTOP-V6T2TCT\source\repos\SwagSword\SwagSword\GameState.cpp(33,43): warning C4244:         [
C:\Users\Peter.DESKTOP-V6T2TCT\source\repos\SwagSword\SwagSword\GameState.cpp(33,43): warning C4244:             T=float
C:\Users\Peter.DESKTOP-V6T2TCT\source\repos\SwagSword\SwagSword\GameState.cpp(33,43): warning C4244:         ]
  HitboxComponent.cpp
  main.cpp
  MainMenuState.cpp
  MovementComponent.cpp
  PauseMenu.cpp
  Player.cpp
  precom.cpp
  SettingsState.cpp
  State.cpp
C:\Users\Peter.DESKTOP-V6T2TCT\source\repos\SwagSword\SwagSword\GameState.cpp(32,43): warning C4244:  'argument': conversion from 'unsigned int' to 'T', possible loss of data
C:\Users\Peter.DESKTOP-V6T2TCT\source\repos\SwagSword\SwagSword\GameState.cpp(32,43): warning C4244:         with
C:\Users\Peter.DESKTOP-V6T2TCT\source\repos\SwagSword\SwagSword\GameState.cpp(32,43): warning C4244:         [
C:\Users\Peter.DESKTOP-V6T2TCT\source\repos\SwagSword\SwagSword\GameState.cpp(32,43): warning C4244:             T=float
C:\Users\Peter.DESKTOP-V6T2TCT\source\repos\SwagSword\SwagSword\GameState.cpp(32,43): warning C4244:         ]
C:\Users\Peter.DESKTOP-V6T2TCT\source\repos\SwagSword\SwagSword\State.cpp(68,48): warning C4244:  'argument': conversion from 'unsigned int' to 'T', possible loss of data
C:\Users\Peter.DESKTOP-V6T2TCT\source\repos\SwagSword\SwagSword\State.cpp(68,48): warning C4244:         with
C:\Users\Peter.DESKTOP-V6T2TCT\source\repos\SwagSword\SwagSword\State.cpp(68,48): warning C4244:         [
C:\Users\Peter.DESKTOP-V6T2TCT\source\repos\SwagSword\SwagSword\State.cpp(68,48): warning C4244:             T=float
C:\Users\Peter.DESKTOP-V6T2TCT\source\repos\SwagSword\SwagSword\State.cpp(68,48): warning C4244:         ]
  test.cpp
  Tile.cpp
  TileMap.cpp
C:\Users\Peter.DESKTOP-V6T2TCT\source\repos\SwagSword\SwagSword\State.cpp(67,48): warning C4244:  'argument': conversion from 'unsigned int' to 'T', possible loss of data
C:\Users\Peter.DESKTOP-V6T2TCT\source\repos\SwagSword\SwagSword\State.cpp(67,48): warning C4244:         with
C:\Users\Peter.DESKTOP-V6T2TCT\source\repos\SwagSword\SwagSword\State.cpp(67,48): warning C4244:         [
C:\Users\Peter.DESKTOP-V6T2TCT\source\repos\SwagSword\SwagSword\State.cpp(67,48): warning C4244:             T=float
C:\Users\Peter.DESKTOP-V6T2TCT\source\repos\SwagSword\SwagSword\State.cpp(67,48): warning C4244:         ]
C:\Users\Peter.DESKTOP-V6T2TCT\source\repos\SwagSword\SwagSword\TileMap.cpp(190,23): warning C4244:  '=': conversion from 'float' to 'int', possible loss of data
sfml-graphics.lib(sfml-graphics-2.dll) : fatal error LNK1112: module machine type 'x64' conflicts with target machine type 'x86'

Project Performance Summary:
    13457 ms  C:\Users\Peter.DESKTOP-V6T2TCT\source\repos\SwagSword\SwagSword\SwagSword.vcxproj   1 calls
              13457 ms  Build                                      1 calls

Target Performance Summary:
        0 ms  AfterBuildGenerateSourcesEvent             1 calls
        0 ms  AfterBuildGenerateSources                  1 calls
        0 ms  ComputeLinkSwitches                        1 calls
        0 ms  _BuildGenerateSourcesAction                1 calls
        0 ms  BuildGenerateSources                       1 calls
        0 ms  BuildCompileTraverse                       1 calls
        0 ms  BeforeClCompile                            1 calls
        0 ms  ComputeCLInputPDBName                      1 calls
        0 ms  ComputeReferenceCLInput                    1 calls
        0 ms  MakeDirsForLink                            1 calls
        0 ms  FixupCLCompileOptions                      1 calls
        0 ms  SelectClCompile                            1 calls
        0 ms  PrepareResourceNames                       1 calls
        0 ms  AfterClCompile                             1 calls
        0 ms  _ClCompile                                 1 calls
        0 ms  _Midl                                      1 calls
        0 ms  BeforeResourceCompile                      1 calls
        0 ms  AfterResourceCompile                       1 calls
        0 ms  _ResourceCompile                           1 calls
        0 ms  AfterBuildCompileEvent                     1 calls
        0 ms  _BuildCompileAction                        1 calls
        0 ms  BuildCompile                               1 calls
        0 ms  BuildLinkTraverse                          1 calls
        0 ms  ComputeLegacyManifestEmbedding             1 calls
        0 ms  BeforeLink                                 1 calls
        0 ms  ComputeRCOutputs                           1 calls
        0 ms  ComputeRCGeneratedLinkInputs               1 calls
        0 ms  ComputeManifestGeneratedLinkerInputs       1 calls
        0 ms  ComputeCLGeneratedLinkInputs               1 calls
        0 ms  ComputeLinkInputsFromProject               1 calls
        0 ms  AssignTargetPaths                          1 calls
        0 ms  MakeDirsForResourceCompile                 1 calls
        0 ms  ComputeMIDLGeneratedCompileInputs          1 calls
        0 ms  AfterMidl                                  1 calls
        0 ms  _Xsd                                       1 calls
        0 ms  SetTelemetryEnvironmentVariables           1 calls
        0 ms  _PrepareForBuild                           1 calls
        0 ms  BeforeResolveReferences                    1 calls
        0 ms  AssignProjectConfiguration                 1 calls
        0 ms  _SplitProjectReferencesByFileExistence     1 calls
        0 ms  PrepareProjectReferences                   1 calls
        0 ms  ResolveProjectReferences                   1 calls
        0 ms  GetFrameworkPaths                          1 calls
        0 ms  GetResolvedWinMD                           1 calls
        0 ms  PreLinkEvent                               1 calls
        0 ms  SetCABuildNativeEnvironmentVariables       1 calls
        0 ms  MakeDirsForMidl                            1 calls
        0 ms  ResolveSDKReferences                       1 calls
        0 ms  ExpandSDKReferences                        1 calls
        0 ms  DoLinkOutputFilesMatch                     1 calls
        0 ms  ResolveAssemblyReferences                  1 calls
        0 ms  CopyFileToFolders                          1 calls
        0 ms  ComputeCustomBuildOutput                   1 calls
        0 ms  SelectCustomBuild                          1 calls
        0 ms  PreBuildEvent                              1 calls
        0 ms  BeforeBuildGenerateSources                 1 calls
        0 ms  CreateCustomManifestResourceNames          1 calls
        0 ms  BuildGenerateSourcesTraverse               1 calls
        0 ms  ResolveReferences                          1 calls
        0 ms  AfterResolveReferences                     1 calls
        1 ms  SetBuildDefaultEnvironmentVariables        1 calls
        1 ms  _GetProjectReferenceTargetFrameworkProperties   1 calls
        1 ms  MakeDirsForCl                              1 calls
        1 ms  ComputeManifestInputsTargets               1 calls
        1 ms  SplitResourcesByCulture                    1 calls
        1 ms  CustomBuild                                1 calls
        1 ms  ComputeCLOutputs                           1 calls
        1 ms  _HandlePackageFileConflicts                1 calls
        1 ms  _SelectedFiles                             1 calls
        1 ms  _PrepareForReferenceResolution             1 calls
        1 ms  GetReferenceAssemblyPaths                  1 calls
        2 ms  InitializeBuildStatus                      1 calls
        2 ms  _CheckForInvalidConfigurationAndPlatform   1 calls
        3 ms  _CheckWindowsSDKInstalled                  1 calls
        6 ms  PrepareForBuild                            1 calls
        9 ms  WarnCompileDuplicatedFilename              1 calls
      297 ms  Link                                       1 calls
    13111 ms  ClCompile                                  1 calls

Task Performance Summary:
        0 ms  Message                                    2 calls
        0 ms  SetEnv                                     8 calls
        0 ms  AssignProjectConfiguration                 1 calls
        0 ms  CheckVCToolsetVersion                      1 calls
        0 ms  ReadLinesFromFile                          1 calls
        0 ms  WriteLinesToFile                           1 calls
        0 ms  AssignTargetPath                           4 calls
        0 ms  AssignCulture                              1 calls
        1 ms  MSBuild                                    1 calls
        1 ms  GetOutOfDateItems                          3 calls
        1 ms  ResolvePackageFileConflicts                1 calls
        1 ms  Delete                                     1 calls
        1 ms  Touch                                      1 calls
        3 ms  MakeDir                                    7 calls
      295 ms  Link                                       1 calls
    13108 ms  CL                                         1 calls
